[INFO] Scanning for projects...
[INFO] 
[INFO] -------------------------< com.odc:elearning >--------------------------
[INFO] Building  0.0.1-SNAPSHOT
[INFO]   from pom.xml
[INFO] --------------------------------[ jar ]---------------------------------
[INFO] 
[INFO] >>> spring-boot:4.1.0:run (default-cli) > test-compile @ elearning >>>
[INFO] 
[INFO] --- resources:3.5.0:resources (default-resources) @ elearning ---
[INFO] Copying 1 resource from src\main\resources to target\classes
[INFO] Copying 0 resource from src\main\resources to target\classes
[INFO] 
[INFO] --- compiler:3.15.0:compile (default-compile) @ elearning ---
[INFO] Recompiling the module because of changed source code.
[INFO] Compiling 66 source files with javac [debug parameters release 17] to target\classes
[INFO] 
[INFO] --- resources:3.5.0:testResources (default-testResources) @ elearning ---
[INFO] skip non existing resourceDirectory C:\Users\Diallo\Desktop\SiteE_learning\backend\src\test\resources
[INFO] 
[INFO] --- compiler:3.15.0:testCompile (default-testCompile) @ elearning ---
[INFO] Recompiling the module because of changed dependency.
[INFO] Compiling 1 source file with javac [debug parameters release 17] to target\test-classes
[INFO] 
[INFO] <<< spring-boot:4.1.0:run (default-cli) < test-compile @ elearning <<<
[INFO] 
[INFO] 
[INFO] --- spring-boot:4.1.0:run (default-cli) @ elearning ---
[INFO] Attaching agents: []

  .   ____          _            __ _ _
 /\\ / ___'_ __ _ _(_)_ __  __ _ \ \ \ \
( ( )\___ | '_ | '_| | '_ \/ _` | \ \ \ \
 \\/  ___)| |_)| | | | | || (_| |  ) ) ) )
  '  |____| .__|_| |_|_| |_\__, | / / / /
 =========|_|==============|___/=/_/_/_/

 :: Spring Boot ::                (v4.1.0)

2026-07-21T00:32:04.080+02:00  INFO 12556 --- [elearning] [           main] com.odc.elearning.ElearningApplication   : Starting ElearningApplication using Java 26.0.1 with PID 12556 (C:\Users\Diallo\Desktop\SiteE_learning\backend\target\classes started by Diallo in C:\Users\Diallo\Desktop\SiteE_learning\backend)
2026-07-21T00:32:04.097+02:00  INFO 12556 --- [elearning] [           main] com.odc.elearning.ElearningApplication   : No active profile set, falling back to 1 default profile: "default"
2026-07-21T00:32:10.094+02:00  INFO 12556 --- [elearning] [           main] .s.d.r.c.RepositoryConfigurationDelegate : Bootstrapping Spring Data JPA repositories in DEFAULT mode.
2026-07-21T00:32:11.262+02:00  INFO 12556 --- [elearning] [           main] .s.d.r.c.RepositoryConfigurationDelegate : Finished Spring Data repository scanning in 1111 ms. Found 16 JPA repository interfaces.
2026-07-21T00:32:14.092+02:00  INFO 12556 --- [elearning] [           main] o.s.boot.tomcat.TomcatWebServer          : Tomcat initialized with port 8080 (http)
2026-07-21T00:32:14.159+02:00  INFO 12556 --- [elearning] [           main] o.apache.catalina.core.StandardService   : Starting service [Tomcat]
2026-07-21T00:32:14.161+02:00  INFO 12556 --- [elearning] [           main] o.apache.catalina.core.StandardEngine    : Starting Servlet engine: [Apache Tomcat/11.0.22]
2026-07-21T00:32:14.439+02:00  INFO 12556 --- [elearning] [           main] b.w.c.s.WebApplicationContextInitializer : Root WebApplicationContext: initialization completed in 9916 ms
2026-07-21T00:32:15.374+02:00  INFO 12556 --- [elearning] [           main] org.hibernate.orm.jpa                    : HHH008540: Processing PersistenceUnitInfo [name: default]
2026-07-21T00:32:15.867+02:00  INFO 12556 --- [elearning] [           main] org.hibernate.orm.core                   : HHH000001: Hibernate ORM core version 7.4.1.Final
2026-07-21T00:32:18.928+02:00  INFO 12556 --- [elearning] [           main] o.s.o.j.p.SpringPersistenceUnitInfo      : No LoadTimeWeaver setup: ignoring JPA class transformer
2026-07-21T00:32:19.110+02:00  INFO 12556 --- [elearning] [           main] com.zaxxer.hikari.HikariDataSource       : HikariPool-1 - Starting...
2026-07-21T00:32:19.560+02:00  INFO 12556 --- [elearning] [           main] com.zaxxer.hikari.pool.HikariPool        : HikariPool-1 - Added connection org.mariadb.jdbc.Connection@77cd235b
2026-07-21T00:32:19.567+02:00  INFO 12556 --- [elearning] [           main] com.zaxxer.hikari.HikariDataSource       : HikariPool-1 - Start completed.
2026-07-21T00:32:19.740+02:00  WARN 12556 --- [elearning] [           main] org.hibernate.orm.deprecation            : HHH90000025: MariaDBDialect does not need to be specified explicitly using 'hibernate.dialect' (remove the property setting and it will be selected by default)
2026-07-21T00:32:19.868+02:00  INFO 12556 --- [elearning] [           main] org.hibernate.orm.connections.pooling    : HHH10001005: Database info:
	Database JDBC URL [jdbc:mariadb://localhost/elearning_odc?user=root&password=***]
	Database driver: MariaDB Connector/J
	Database dialect: MariaDBDialect
	Database version: 12.2.2
	Default catalog/schema: elearning_odc/undefined
	Autocommit mode: undefined/unknown
	Isolation level: REPEATABLE_READ [default REPEATABLE_READ]
	JDBC fetch size: none
	Pool: DataSourceConnectionProvider
	Minimum pool size: undefined/unknown
	Maximum pool size: undefined/unknown
2026-07-21T00:32:28.220+02:00  INFO 12556 --- [elearning] [           main] org.hibernate.orm.core                   : HHH000489: No JTA platform available (set 'hibernate.transaction.jta.platform' to enable JTA platform integration)
2026-07-21T00:32:28.259+02:00  INFO 12556 --- [elearning] [           main] j.LocalContainerEntityManagerFactoryBean : Initialized JPA EntityManagerFactory for persistence unit 'default'
2026-07-21T00:32:28.541+02:00  INFO 12556 --- [elearning] [           main] o.s.d.j.r.query.QueryEnhancerFactories   : Hibernate is in classpath; If applicable, HQL parser will be used.
2026-07-21T00:32:33.751+02:00  WARN 12556 --- [elearning] [           main] JpaBaseConfiguration$JpaWebConfiguration : spring.jpa.open-in-view is enabled by default. Therefore, database queries may be performed during view rendering. Explicitly configure spring.jpa.open-in-view to disable this warning
2026-07-21T00:32:34.093+02:00  INFO 12556 --- [elearning] [           main] r$InitializeUserDetailsManagerConfigurer : Global AuthenticationManager configured with UserDetailsService bean with name userDetailsServiceImpl
2026-07-21T00:32:35.973+02:00  INFO 12556 --- [elearning] [           main] o.s.boot.tomcat.TomcatWebServer          : Tomcat started on port 8080 (http) with context path '/'
2026-07-21T00:32:36.004+02:00  INFO 12556 --- [elearning] [           main] com.odc.elearning.ElearningApplication   : Started ElearningApplication in 34.295 seconds (process running for 37.025)
[INFO] ------------------------------------------------------------------------
[INFO] BUILD FAILURE
[INFO] ------------------------------------------------------------------------
[INFO] Total time:  05:56 min
[INFO] Finished at: 2026-07-21T00:36:42+02:00
[INFO] ------------------------------------------------------------------------
[ERROR] Failed to execute goal org.springframework.boot:spring-boot-maven-plugin:4.1.0:run (default-cli) on project elearning: Process terminated with exit code: 1 -> [Help 1]
[ERROR] 
[ERROR] To see the full stack trace of the errors, re-run Maven with the -e switch.
[ERROR] Re-run Maven using the -X switch to enable full debug logging.
[ERROR] 
[ERROR] For more information about the errors and possible solutions, please read the following articles:
[ERROR] [Help 1] http://cwiki.apache.org/confluence/display/MAVEN/MojoExecutionException
